<?xml version="1.0" encoding="UTF-8"?>
<testsuite xmlns:xsi="http://www.w3.org/2001/XMLSchema-instance" xsi:noNamespaceSchemaLocation="https://maven.apache.org/surefire/maven-surefire-plugin/xsd/surefire-test-report.xsd" version="3.0.2" name="com.tavernhub.controller.PersonagemControllerTest" time="5.342" tests="3" errors="0" skipped="0" failures="0">
  <properties>
[...]
</properties>
  <testcase name="deveriaBarrarCriacaoComDadosInvalidos" classname="com.tavernhub.controller.PersonagemControllerTest" time="0.566">
    <system-out><![CDATA[08:07:25.911 [main] INFO org.springframework.test.context.support.AnnotationConfigContextLoaderUtils -- Could not detect default configuration classes for test class [com.tavernhub.controller.PersonagemControllerTest]: PersonagemControllerTest does not declare any static, non-private, non-final, nested classes annotated with @Configuration.
08:07:26.068 [main] INFO org.springframework.boot.test.context.SpringBootTestContextBootstrapper -- Found @SpringBootConfiguration com.tavernhub.TavernHubApplication for test class com.tavernhub.controller.PersonagemControllerTest

  .   ____          _            __ _ _
 /\\ / ___'_ __ _ _(_)_ __  __ _ \ \ \ \
( ( )\___ | '_ | '_| | '_ \/ _` | \ \ \ \
 \\/  ___)| |_)| | | | | || (_| |  ) ) ) )
  '  |____| .__|_| |_|_| |_\__, | / / / /
 =========|_|==============|___/=/_/_/_/

 :: Spring Boot ::                (v3.4.2)

2026-05-20T08:07:26.473-03:00  INFO 48851 --- [tavern-hub] [           main] c.t.controller.PersonagemControllerTest  : Starting PersonagemControllerTest using Java 25 with PID 48851 (started by tortuga in /home/tortuga/Documentos/GitHub/tavern-hub-java)
2026-05-20T08:07:26.474-03:00  INFO 48851 --- [tavern-hub] [           main] c.t.controller.PersonagemControllerTest  : No active profile set, falling back to 1 default profile: "default"
2026-05-20T08:07:27.166-03:00  INFO 48851 --- [tavern-hub] [           main] .s.d.r.c.RepositoryConfigurationDelegate : Bootstrapping Spring Data JPA repositories in DEFAULT mode.
2026-05-20T08:07:27.221-03:00  INFO 48851 --- [tavern-hub] [           main] .s.d.r.c.RepositoryConfigurationDelegate : Finished Spring Data repository scanning in 45 ms. Found 2 JPA repository interfaces.
2026-05-20T08:07:27.634-03:00  INFO 48851 --- [tavern-hub] [           main] o.hibernate.jpa.internal.util.LogHelper  : HHH000204: Processing PersistenceUnitInfo [name: default]
2026-05-20T08:07:27.685-03:00  INFO 48851 --- [tavern-hub] [           main] org.hibernate.Version                    : HHH000412: Hibernate ORM core version 6.6.5.Final
2026-05-20T08:07:27.714-03:00  INFO 48851 --- [tavern-hub] [           main] o.h.c.internal.RegionFactoryInitiator    : HHH000026: Second-level cache disabled
2026-05-20T08:07:28.000-03:00  INFO 48851 --- [tavern-hub] [           main] o.s.o.j.p.SpringPersistenceUnitInfo      : No LoadTimeWeaver setup: ignoring JPA class transformer
2026-05-20T08:07:28.031-03:00  INFO 48851 --- [tavern-hub] [           main] com.zaxxer.hikari.HikariDataSource       : HikariPool-1 - Starting...
2026-05-20T08:07:28.209-03:00  INFO 48851 --- [tavern-hub] [           main] com.zaxxer.hikari.pool.HikariPool        : HikariPool-1 - Added connection conn0: url=jdbc:h2:mem:taverndb user=SA
2026-05-20T08:07:28.210-03:00  INFO 48851 --- [tavern-hub] [           main] com.zaxxer.hikari.HikariDataSource       : HikariPool-1 - Start completed.
2026-05-20T08:07:28.234-03:00  WARN 48851 --- [tavern-hub] [           main] org.hibernate.orm.deprecation            : HHH90000025: H2Dialect does not need to be specified explicitly using 'hibernate.dialect' (remove the property setting and it will be selected by default)
2026-05-20T08:07:28.254-03:00  INFO 48851 --- [tavern-hub] [           main] org.hibernate.orm.connections.pooling    : HHH10001005: Database info:
	Database JDBC URL [Connecting through datasource 'HikariDataSource (HikariPool-1)']
	Database driver: undefined/unknown
	Database version: 2.3.232
	Autocommit mode: undefined/unknown
	Isolation level: undefined/unknown
	Minimum pool size: undefined/unknown
	Maximum pool size: undefined/unknown
2026-05-20T08:07:29.011-03:00  INFO 48851 --- [tavern-hub] [           main] o.h.e.t.j.p.i.JtaPlatformInitiator       : HHH000489: No JTA platform available (set 'hibernate.transaction.jta.platform' to enable JTA platform integration)
Hibernate: 
    create table tb_mesa (
        id bigint generated by default as identity,
        data_criacao timestamp(6) not null,
        mestre_nome varchar(100) not null,
        nome varchar(100) not null,
        primary key (id)
    )
Hibernate: 
    create table tb_personagem (
        id bigint generated by default as identity,
        classe varchar(50) not null,
        data_criacao timestamp(6) not null,
        deletado boolean not null,
        nivel integer not null check ((nivel<=20) and (nivel>=1)),
        nome varchar(100) not null,
        pontos_vida integer not null check (pontos_vida>=0),
        mesa_id bigint not null,
        primary key (id)
    )
Hibernate: 
    alter table if exists tb_personagem 
       add constraint FK7ia4y070ongxptldufqeqm92f 
       foreign key (mesa_id) 
       references tb_mesa
2026-05-20T08:07:29.075-03:00  INFO 48851 --- [tavern-hub] [           main] j.LocalContainerEntityManagerFactoryBean : Initialized JPA EntityManagerFactory for persistence unit 'default'
2026-05-20T08:07:29.601-03:00  WARN 48851 --- [tavern-hub] [           main] JpaBaseConfiguration$JpaWebConfiguration : spring.jpa.open-in-view is enabled by default. Therefore, database queries may be performed during view rendering. Explicitly configure spring.jpa.open-in-view to disable this warning
2026-05-20T08:07:30.017-03:00  INFO 48851 --- [tavern-hub] [           main] o.s.b.a.h2.H2ConsoleAutoConfiguration    : H2 console available at '/h2-console'. Database available at 'jdbc:h2:mem:taverndb'
2026-05-20T08:07:30.072-03:00  INFO 48851 --- [tavern-hub] [           main] o.s.b.t.m.w.SpringBootMockServletContext : Initializing Spring TestDispatcherServlet ''
2026-05-20T08:07:30.072-03:00  INFO 48851 --- [tavern-hub] [           main] o.s.t.web.servlet.TestDispatcherServlet  : Initializing Servlet ''
2026-05-20T08:07:30.073-03:00  INFO 48851 --- [tavern-hub] [           main] o.s.t.web.servlet.TestDispatcherServlet  : Completed initialization in 1 ms
2026-05-20T08:07:30.098-03:00  INFO 48851 --- [tavern-hub] [           main] c.t.controller.PersonagemControllerTest  : Started PersonagemControllerTest in 3.898 seconds (process running for 4.831)
]]></system-out>
    <system-err><![CDATA[Mockito is currently self-attaching to enable the inline-mock-maker. This will no longer work in future releases of the JDK. Please add Mockito as an agent to your build what is described in Mockito's documentation: https://javadoc.io/doc/org.mockito/mockito-core/latest/org/mockito/Mockito.html#0.3
WARNING: A Java agent has been loaded dynamically (/home/tortuga/.m2/repository/net/bytebuddy/byte-buddy-agent/1.15.11/byte-buddy-agent-1.15.11.jar)
WARNING: If a serviceability tool is in use, please run with -XX:+EnableDynamicAgentLoading to hide this warning
WARNING: If a serviceability tool is not in use, please run with -Djdk.instrument.traceUsage for more information
WARNING: Dynamic loading of agents will be disallowed by default in a future release
]]></system-err>
  </testcase>
  <testcase name="deveriaRetornarNotFoundParaMesaInexistente" classname="com.tavernhub.controller.PersonagemControllerTest" time="0.348">
    <system-out><![CDATA[Hibernate: 
    select
        count(*) 
    from
        tb_mesa m1_0 
    where
        m1_0.id=?
]]></system-out>
  </testcase>
  <testcase name="deveriaListarPersonagensComPaginacao" classname="com.tavernhub.controller.PersonagemControllerTest" time="0.077">
    <system-out><![CDATA[Hibernate: 
    select
        p1_0.id,
        p1_0.classe,
        p1_0.data_criacao,
        p1_0.deletado,
        p1_0.mesa_id,
        p1_0.nivel,
        p1_0.nome,
        p1_0.pontos_vida 
    from
        tb_personagem p1_0 
    where
        (
            p1_0.deletado = false
        ) 
    order by
        p1_0.nome 
    offset
        ? rows 
    fetch
        first ? rows only
2026-05-20T08:07:31.057-03:00  WARN 48851 --- [tavern-hub] [           main] ration$PageModule$WarningLoggingModifier : Serializing PageImpl instances as-is is not supported, meaning that there is no guarantee about the stability of the resulting JSON structure!
	For a stable JSON structure, please use Spring Data's PagedModel (globally via @EnableSpringDataWebSupport(pageSerializationMode = VIA_DTO))
	or Spring HATEOAS and Spring Data's PagedResourcesAssembler as documented in https://docs.spring.io/spring-data/commons/reference/repositories/core-extensions.html#core.web.pageables.

]]></system-out>
  </testcase>
</testsuite>